#
# There is insufficient memory for the Java Runtime Environment to continue.
# Native memory allocation (mmap) failed to map 130023424 bytes. Error detail: G1 virtual space
# Possible reasons:
#   The system is out of physical RAM or swap space
#   This process is running with CompressedOops enabled, and the Java Heap may be blocking the growth of the native heap
# Possible solutions:
#   Reduce memory load on the system
#   Increase physical memory or swap space
#   Check if swap backing store is full
#   Decrease Java heap size (-Xmx/-Xms)
#   Decrease number of Java threads
#   Decrease Java thread stack sizes (-Xss)
#   Set larger code cache with -XX:ReservedCodeCacheSize=
#   JVM is running with Unscaled Compressed Oops mode in which the Java heap is
#     placed in the first 4GB address space. The Java Heap base address is the
#     maximum limit for the native heap growth. Please use -XX:HeapBaseMinAddress
#     to set the Java Heap base and to place the Java Heap above 4GB virtual address.
# This output file may be truncated or incomplete.
#
#  Out of Memory Error (os_windows.cpp:3631), pid=16148, tid=17952
#
# JRE version:  (22.0.1+8) (build )
# Java VM: Java HotSpot(TM) 64-Bit Server VM (22.0.1+8-16, mixed mode, sharing, tiered, compressed oops, compressed class ptrs, g1 gc, windows-amd64)
# No core dump will be written. Minidumps are not enabled by default on client versions of Windows
#

---------------  S U M M A R Y ------------

Command Line: -Dfile.encoding=UTF-8 --module-path=C:\Users\DUBAI LAPTOP BAZAR\OneDrive\Documents\NetBeansProjects\bank management system\build\classes bank.management.system.SignupTwo

Host: Intel(R) Core(TM) i5-8365U CPU @ 1.60GHz, 8 cores, 7G,  Windows 10 , 64 bit Build 19041 (10.0.19041.5915)
Time: Wed Jul  9 20:38:24 2025 Bangladesh Standard Time elapsed time: 0.017506 seconds (0d 0h 0m 0s)

---------------  T H R E A D  ---------------

Current thread (0x0000023c87b29d50):  JavaThread "Unknown thread" [_thread_in_vm, id=17952, stack(0x00000067bc400000,0x00000067bc500000) (1024K)]

Stack: [0x00000067bc400000,0x00000067bc500000]
Native frames: (J=compiled Java code, j=interpreted, Vv=VM code, C=native code)
V  [jvm.dll+0x6e2279]  (no source info available)
V  [jvm.dll+0x874e33]  (no source info available)
V  [jvm.dll+0x87725e]  (no source info available)
V  [jvm.dll+0x877933]  (no source info available)
V  [jvm.dll+0x27fd76]  (no source info available)
V  [jvm.dll+0x6de915]  (no source info available)
V  [jvm.dll+0x6d341a]  (no source info available)
V  [jvm.dll+0x3589da]  (no source info available)
V  [jvm.dll+0x360f06]  (no source info available)
V  [jvm.dll+0x3b3e2e]  (no source info available)
V  [jvm.dll+0x3b40d8]  (no source info available)
V  [jvm.dll+0x32c59c]  (no source info available)
V  [jvm.dll+0x32d158]  (no source info available)
V  [jvm.dll+0x83ccdc]  (no source info available)
V  [jvm.dll+0x3c0d71]  (no source info available)
V  [jvm.dll+0x825ccc]  (no source info available)
V  [jvm.dll+0x45b8fe]  (no source info available)
V  [jvm.dll+0x45d781]  (no source info available)
C  [jli.dll+0x52a3]  (no source info available)
C  [ucrtbase.dll+0x21bb2]  (no source info available)
C  [KERNEL32.DLL+0x17374]  (no source info available)
C  [ntdll.dll+0x4cc91]  (no source info available)


---------------  P R O C E S S  ---------------

Threads class SMR info:
_java_thread_list=0x00007ffc84deb1c8, length=0, elements={
}

Java Threads: ( => current thread )
Total: 0

Other Threads:
  0x0000023c89d83090 WorkerThread "GC Thread#0"                     [id=1388, stack(0x00000067bc500000,0x00000067bc600000) (1024K)]
  0x0000023c89d94eb0 ConcurrentGCThread "G1 Main Marker"            [id=16356, stack(0x00000067bc600000,0x00000067bc700000) (1024K)]
  0x0000023c89d97990 WorkerThread "G1 Conc#0"                       [id=19916, stack(0x00000067bc700000,0x00000067bc800000) (1024K)]

[error occurred during error reporting (printing all threads), id 0xc0000005, EXCEPTION_ACCESS_VIOLATION (0xc0000005) at pc=0x00007ffc8453f367]
VM state: not at safepoint (not fully initialized)

VM Mutex/Monitor currently owned by a thread:  ([mutex/lock_event])
[0x00007ffc84e6bcb8] Heap_lock - owner thread: 0x0000023c87b29d50

Heap address: 0x0000000084800000, size: 1976 MB, Compressed Oops mode: 32-bit

CDS archive(s) mapped at: [0x0000000000000000-0x0000000000000000-0x0000000000000000), size 0, SharedBaseAddress: 0x0000000800000000, ArchiveRelocationMode: 1.
Narrow klass base: 0x0000000000000000, Narrow klass shift: 0, Narrow klass range: 0x0

GC Precious Log:
 CardTable entry size: 512
 Card Set container configuration: InlinePtr #cards 5 size 8 Array Of Cards #cards 12 size 40 Howl #buckets 4 coarsen threshold 1843 Howl Bitmap #cards 512 size 80 coarsen threshold 460 Card regions per heap region 1 cards per card region 2048

Heap:
 garbage-first heap   total reserved 2023424K, committed 0K, used 0K [0x0000000084800000, 0x0000000100000000)
  region size 1024K, 0 young (0K), 0 survivors (0K)

[error occurred during error reporting (printing heap information), id 0xc0000005, EXCEPTION_ACCESS_VIOLATION (0xc0000005) at pc=0x00007ffc8493e429]
GC Heap History (0 events):
No events

Dll operation events (1 events):
Event: 0.012 Loaded shared library C:\Program Files\Java\jdk-22\bin\java.dll

Deoptimization events (0 events):
No events

Classes loaded (0 events):
No events

Classes unloaded (0 events):
No events

Classes redefined (0 events):
No events

Internal exceptions (0 events):
No events

ZGC Phase Switch (0 events):
No events

VM Operations (0 events):
No events

Events (0 events):
No events


Dynamic libraries:
0x00007ff60a8b0000 - 0x00007ff60a8c0000 	C:\Program Files\Java\jdk-22\bin\java.exe
0x00007ffccbb50000 - 0x00007ffccbd48000 	C:\Windows\SYSTEM32\ntdll.dll
0x00007ffcca580000 - 0x00007ffcca642000 	C:\Windows\System32\KERNEL32.DLL
0x00007ffcc9230000 - 0x00007ffcc9526000 	C:\Windows\System32\KERNELBASE.dll
0x00007ffcc99c0000 - 0x00007ffcc9ac0000 	C:\Windows\System32\ucrtbase.dll
0x00007ffcc32d0000 - 0x00007ffcc32e7000 	C:\Program Files\Java\jdk-22\bin\jli.dll
0x00007ffcc4f10000 - 0x00007ffcc4f2b000 	C:\Program Files\Java\jdk-22\bin\VCRUNTIME140.dll
0x00007ffcc9cf0000 - 0x00007ffcc9da1000 	C:\Windows\System32\ADVAPI32.dll
0x00007ffcc9ee0000 - 0x00007ffcc9f7e000 	C:\Windows\System32\msvcrt.dll
0x00007ffcca700000 - 0x00007ffcca79f000 	C:\Windows\System32\sechost.dll
0x00007ffcca300000 - 0x00007ffcca423000 	C:\Windows\System32\RPCRT4.dll
0x00007ffcc9600000 - 0x00007ffcc9627000 	C:\Windows\System32\bcrypt.dll
0x00007ffcca980000 - 0x00007ffccab1d000 	C:\Windows\System32\USER32.dll
0x00007ffcc9530000 - 0x00007ffcc9552000 	C:\Windows\System32\win32u.dll
0x00007ffcafe30000 - 0x00007ffcb00ca000 	C:\Windows\WinSxS\amd64_microsoft.windows.common-controls_6595b64144ccf1df_6.0.19041.5915_none_60b4b9d171f9c7c7\COMCTL32.dll
0x00007ffcca7a0000 - 0x00007ffcca7cb000 	C:\Windows\System32\GDI32.dll
0x00007ffcc9790000 - 0x00007ffcc98a9000 	C:\Windows\System32\gdi32full.dll
0x00007ffcc9560000 - 0x00007ffcc95fd000 	C:\Windows\System32\msvcp_win.dll
0x00007ffcc42c0000 - 0x00007ffcc42ca000 	C:\Windows\SYSTEM32\VERSION.dll
0x00007ffcca7d0000 - 0x00007ffcca7ff000 	C:\Windows\System32\IMM32.DLL
0x00007ffcc4da0000 - 0x00007ffcc4dac000 	C:\Program Files\Java\jdk-22\bin\vcruntime140_1.dll
0x00007ffcbe700000 - 0x00007ffcbe78e000 	C:\Program Files\Java\jdk-22\bin\msvcp140.dll
0x00007ffc84200000 - 0x00007ffc84f47000 	C:\Program Files\Java\jdk-22\bin\server\jvm.dll
0x00007ffccba20000 - 0x00007ffccba8b000 	C:\Windows\System32\WS2_32.dll
0x00007ffcc9040000 - 0x00007ffcc908b000 	C:\Windows\SYSTEM32\POWRPROF.dll
0x00007ffcb3660000 - 0x00007ffcb3687000 	C:\Windows\SYSTEM32\WINMM.dll
0x00007ffcc9020000 - 0x00007ffcc9032000 	C:\Windows\SYSTEM32\UMPDC.dll
0x00007ffcc7a00000 - 0x00007ffcc7a12000 	C:\Windows\SYSTEM32\kernel.appcore.dll
0x00007ffcc4c50000 - 0x00007ffcc4c5a000 	C:\Program Files\Java\jdk-22\bin\jimage.dll
0x00007ffcc6c30000 - 0x00007ffcc6e31000 	C:\Windows\SYSTEM32\DBGHELP.DLL
0x00007ffcaf500000 - 0x00007ffcaf534000 	C:\Windows\SYSTEM32\dbgcore.DLL
0x00007ffcc9930000 - 0x00007ffcc99b2000 	C:\Windows\System32\bcryptPrimitives.dll
0x00007ffcc4c60000 - 0x00007ffcc4c7e000 	C:\Program Files\Java\jdk-22\bin\java.dll
0x00007ffccb250000 - 0x00007ffccb9be000 	C:\Windows\System32\SHELL32.dll
0x00007ffcc9db0000 - 0x00007ffcc9edb000 	C:\Windows\System32\ole32.dll
0x00007ffcc9fa0000 - 0x00007ffcca2f3000 	C:\Windows\System32\combase.dll

dbghelp: loaded successfully - version: 4.0.5 - missing functions: none
symbol engine: initialized successfully - sym options: 0x614 - pdb path: .;C:\Program Files\Java\jdk-22\bin;C:\Windows\SYSTEM32;C:\Windows\WinSxS\amd64_microsoft.windows.common-controls_6595b64144ccf1df_6.0.19041.5915_none_60b4b9d171f9c7c7;C:\Program Files\Java\jdk-22\bin\server

VM Arguments:
jvm_args: -Dfile.encoding=UTF-8 --module-path=C:\Users\DUBAI LAPTOP BAZAR\OneDrive\Documents\NetBeansProjects\bank management system\build\classes 
java_command: bank.management.system.SignupTwo
java_class_path (initial): C:\Users\DUBAI LAPTOP BAZAR\Downloads\jcalendar-tz-1.3.3-4 (1).jar;C:\Users\DUBAI LAPTOP BAZAR\Downloads\mysql-connector-java-8.0.28.jar;C:\Users\DUBAI LAPTOP BAZAR\OneDrive\Documents\NetBeansProjects\bank management system\build\classes
Launcher Type: SUN_STANDARD

[Global flags]
     intx CICompilerCount                          = 4                                         {product} {ergonomic}
     uint ConcGCThreads                            = 2                                         {product} {ergonomic}
     uint G1ConcRefinementThreads                  = 8                                         {product} {ergonomic}
   size_t G1HeapRegionSize                         = 1048576                                   {product} {ergonomic}
   size_t InitialHeapSize                          = 130023424                                 {product} {ergonomic}
   size_t MarkStackSize                            = 4194304                                   {product} {ergonomic}
   size_t MaxHeapSize                              = 2071986176                                {product} {ergonomic}
   size_t MinHeapDeltaBytes                        = 1048576                                   {product} {ergonomic}
   size_t MinHeapSize                              = 8388608                                   {product} {ergonomic}
    uintx NonNMethodCodeHeapSize                   = 5839372                                {pd product} {ergonomic}
    uintx NonProfiledCodeHeapSize                  = 122909434                              {pd product} {ergonomic}
    uintx ProfiledCodeHeapSize                     = 122909434                              {pd product} {ergonomic}
    uintx ReservedCodeCacheSize                    = 251658240                              {pd product} {ergonomic}
     bool SegmentedCodeCache                       = true                                      {product} {ergonomic}
   size_t SoftMaxHeapSize                          = 2071986176                             {manageable} {ergonomic}
     bool UseCompressedOops                        = true                           {product lp64_product} {ergonomic}
     bool UseG1GC                                  = true                                      {product} {ergonomic}
     bool UseLargePagesIndividualAllocation        = false                                  {pd product} {ergonomic}

Logging:
Log output configuration:
 #0: stdout all=warning uptime,level,tags foldmultilines=false
 #1: stderr all=off uptime,level,tags foldmultilines=false

Environment Variables:
PATH=C:\Program Files\Common Files\Oracle\Java\javapath;C:\Windows\system32;C:\Windows;C:\Windows\System32\Wbem;C:\Windows\System32\WindowsPowerShell\v1.0\;C:\Windows\System32\OpenSSH\;C:\Program Files\MySQL\MySQL Server 8.0\bin;C:\Program Files\Java\jdk-17\bin;C:\Program Files\Git\cmd;C:\Program Files\nodejs\;C:\Program Files (x86)\GnuWin32\bin;C:\Program Files\CodeBlocks\MinGW;C:\Program Files\CodeBlocks\MinGW\bin;C:\Program Files\MySQL\MySQL Shell 8.0\bin\;C:\Users\DUBAI LAPTOP BAZAR\AppData\Local\Programs\Python\Python313\Scripts\;C:\Users\DUBAI LAPTOP BAZAR\AppData\Local\Programs\Python\Python313\;C:\Users\DUBAI LAPTOP BAZAR\AppData\Local\Programs\Python\Python311\Scripts\;C:\Users\DUBAI LAPTOP BAZAR\AppData\Local\Programs\Python\Python311\;C:\Users\DUBAI LAPTOP BAZAR\AppData\Local\Microsoft\WindowsApps;C:\Users\DUBAI LAPTOP BAZAR\AppData\Local\Programs\Microsoft VS Code\bin;C:\Program Files\JetBrains\PyCharm Community Edition 2024.3\bin;;C:\Users\DUBAI LAPTOP BAZAR\AppData\Roaming\npm;C:\Users\DUBAI LAPTOP BAZAR\AppData\Local\Microsoft\WinGet\Packages\Schniz.fnm_Microsoft.Winget.Source_8wekyb3d8bbwe;
USERNAME=DUBAI LAPTOP BAZAR
OS=Windows_NT
PROCESSOR_IDENTIFIER=Intel64 Family 6 Model 142 Stepping 12, GenuineIntel
TMP=C:\Users\DUBAIL~1\AppData\Local\Temp
TEMP=C:\Users\DUBAIL~1\AppData\Local\Temp




Periodic native trim disabled

---------------  S Y S T E M  ---------------

OS:
 Windows 10 , 64 bit Build 19041 (10.0.19041.5915)
OS uptime: 12 days 20:29 hours

CPU: total 8 (initial active 8) (4 cores per cpu, 2 threads per core) family 6 model 142 stepping 12 microcode 0xf8, cx8, cmov, fxsr, ht, mmx, 3dnowpref, sse, sse2, sse3, ssse3, sse4.1, sse4.2, popcnt, lzcnt, tsc, tscinvbit, avx, avx2, aes, erms, clmul, bmi1, bmi2, adx, fma, vzeroupper, clflush, clflushopt, rdtscp, f16c
Processor Information for processor 0
  Max Mhz: 1896, Current Mhz: 1596, Mhz Limit: 1592
Processor Information for processor 1
  Max Mhz: 1896, Current Mhz: 1496, Mhz Limit: 1592
Processor Information for processor 2
  Max Mhz: 1896, Current Mhz: 1496, Mhz Limit: 1592
Processor Information for processor 3
  Max Mhz: 1896, Current Mhz: 1496, Mhz Limit: 1592
Processor Information for processor 4
  Max Mhz: 1896, Current Mhz: 1596, Mhz Limit: 1592
Processor Information for processor 5
  Max Mhz: 1896, Current Mhz: 1596, Mhz Limit: 1592
Processor Information for processor 6
  Max Mhz: 1896, Current Mhz: 1496, Mhz Limit: 1592
Processor Information for processor 7
  Max Mhz: 1896, Current Mhz: 1496, Mhz Limit: 1592

Memory: 4k page, system-wide physical 7902M (1227M free)
TotalPageFile size 20721M (AvailPageFile size 95M)
current process WorkingSet (physical memory assigned to process): 11M, peak: 11M
current process commit charge ("private bytes"): 60M, peak: 184M

vm_info: Java HotSpot(TM) 64-Bit Server VM (22.0.1+8-16) for windows-amd64 JRE (22.0.1+8-16), built on 2024-03-12T10:33:16Z by "mach5one" with MS VC++ 17.6 (VS2022)

END.
